#
# There is insufficient memory for the Java Runtime Environment to continue.
# Native memory allocation (malloc) failed to allocate 32744 bytes. Error detail: ChunkPool::allocate
# Possible reasons:
#   The system is out of physical RAM or swap space
#   This process is running with CompressedOops enabled, and the Java Heap may be blocking the growth of the native heap
# Possible solutions:
#   Reduce memory load on the system
#   Increase physical memory or swap space
#   Check if swap backing store is full
#   Decrease Java heap size (-Xmx/-Xms)
#   Decrease number of Java threads
#   Decrease Java thread stack sizes (-Xss)
#   Set larger code cache with -XX:ReservedCodeCacheSize=
#   JVM is running with Unscaled Compressed Oops mode in which the Java heap is
#     placed in the first 4GB address space. The Java Heap base address is the
#     maximum limit for the native heap growth. Please use -XX:HeapBaseMinAddress
#     to set the Java Heap base and to place the Java Heap above 4GB virtual address.
# This output file may be truncated or incomplete.
#
#  Out of Memory Error (arena.cpp:79), pid=11532, tid=10768
#
# JRE version: OpenJDK Runtime Environment Temurin-17.0.13+11 (17.0.13+11) (build 17.0.13+11)
# Java VM: OpenJDK 64-Bit Server VM Temurin-17.0.13+11 (17.0.13+11, mixed mode, tiered, compressed oops, compressed class ptrs, parallel gc, windows-amd64)
# No core dump will be written. Minidumps are not enabled by default on client versions of Windows
#

---------------  S U M M A R Y ------------

Command Line: --add-modules=ALL-SYSTEM --add-opens=java.base/java.util=ALL-UNNAMED --add-opens=java.base/java.lang=ALL-UNNAMED --add-opens=java.base/sun.nio.fs=ALL-UNNAMED -Declipse.application=org.eclipse.jdt.ls.core.id1 -Dosgi.bundles.defaultStartLevel=4 -Declipse.product=org.eclipse.jdt.ls.core.product -Djava.import.generatesMetadataFilesAtProjectRoot=false -DDetectVMInstallationsJob.disabled=true -Dfile.encoding=utf8 -XX:+UseParallelGC -XX:GCTimeRatio=4 -XX:AdaptiveSizePolicyWeight=90 -Dsun.zip.disableMemoryMapping=true -Xmx1G -Xms100m -Xlog:disable -javaagent:c:\Users\salma\.vscode\extensions\redhat.java-1.37.0-win32-x64\lombok\lombok-1.18.34.jar -XX:+HeapDumpOnOutOfMemoryError -XX:HeapDumpPath=c:\Users\salma\AppData\Roaming\Code\User\workspaceStorage\242adab414d075302e1a73a6fafad938\redhat.java -Daether.dependencyCollector.impl=bf c:\Users\salma\.vscode\extensions\redhat.java-1.37.0-win32-x64\server\plugins\org.eclipse.equinox.launcher_1.6.900.v20240613-2009.jar -configuration c:\Users\salma\AppData\Roaming\Code\User\globalStorage\redhat.java\1.37.0\config_win -data c:\Users\salma\AppData\Roaming\Code\User\workspaceStorage\242adab414d075302e1a73a6fafad938\redhat.java\jdt_ws --pipe=\\.\pipe\lsp-14cd83ad6ab794f27e92d3606df30215-sock

Host: AMD Ryzen 7 5700U with Radeon Graphics         , 16 cores, 3G,  Windows 11 , 64 bit Build 22621 (10.0.22621.4391)
Time: Sat Nov 30 05:13:37 2024 Eastern Standard Time elapsed time: 9.127631 seconds (0d 0h 0m 9s)

---------------  T H R E A D  ---------------

Current thread (0x0000022467f1ada0):  JavaThread "C2 CompilerThread0" daemon [_thread_in_native, id=10768, stack(0x0000008d38d00000,0x0000008d38e00000)]


Current CompileTask:
C2:   9127 2124       4       java.util.Properties$LineReader::readLine (584 bytes)

Stack: [0x0000008d38d00000,0x0000008d38e00000]
Native frames: (J=compiled Java code, j=interpreted, Vv=VM code, C=native code)
V  [jvm.dll+0x682a19]
V  [jvm.dll+0x839538]
V  [jvm.dll+0x83afe3]
V  [jvm.dll+0x83b653]
V  [jvm.dll+0x24704f]
V  [jvm.dll+0xad03c]
V  [jvm.dll+0xad4cc]
V  [jvm.dll+0x60e4ce]
V  [jvm.dll+0x613d5c]
V  [jvm.dll+0x614c5c]
V  [jvm.dll+0x61312c]
V  [jvm.dll+0x217ece]
V  [jvm.dll+0x21748f]
V  [jvm.dll+0x1a3070]
V  [jvm.dll+0x22788c]
V  [jvm.dll+0x2259eb]
V  [jvm.dll+0x7eec98]
V  [jvm.dll+0x7e8ffc]
V  [jvm.dll+0x6818f7]
C  [ucrtbase.dll+0x29333]
C  [KERNEL32.DLL+0x1259d]
C  [ntdll.dll+0x5af38]


---------------  P R O C E S S  ---------------

Threads class SMR info:
_java_thread_list=0x000002246a9704e0, length=18, elements={
0x000002244ee6cef0, 0x0000022462cf3020, 0x0000022462cf4a50, 0x0000022462cfdfc0,
0x0000022467f0d400, 0x0000022467f0e830, 0x0000022467f12410, 0x0000022467f1ada0,
0x0000022467f3bf50, 0x0000022467f45120, 0x00000224680a7120, 0x000002246a13a240,
0x000002246a755310, 0x000002246a5e2b40, 0x000002246a568ab0, 0x000002246aa3f660,
0x000002246a5180a0, 0x000002246ac0cf50
}

Java Threads: ( => current thread )
  0x000002244ee6cef0 JavaThread "main" [_thread_blocked, id=16804, stack(0x0000008d38400000,0x0000008d38500000)]
  0x0000022462cf3020 JavaThread "Reference Handler" daemon [_thread_blocked, id=15644, stack(0x0000008d38700000,0x0000008d38800000)]
  0x0000022462cf4a50 JavaThread "Finalizer" daemon [_thread_blocked, id=23708, stack(0x0000008d38800000,0x0000008d38900000)]
  0x0000022462cfdfc0 JavaThread "Signal Dispatcher" daemon [_thread_blocked, id=14384, stack(0x0000008d38900000,0x0000008d38a00000)]
  0x0000022467f0d400 JavaThread "Attach Listener" daemon [_thread_blocked, id=396, stack(0x0000008d38a00000,0x0000008d38b00000)]
  0x0000022467f0e830 JavaThread "Service Thread" daemon [_thread_blocked, id=22312, stack(0x0000008d38b00000,0x0000008d38c00000)]
  0x0000022467f12410 JavaThread "Monitor Deflation Thread" daemon [_thread_blocked, id=19292, stack(0x0000008d38c00000,0x0000008d38d00000)]
=>0x0000022467f1ada0 JavaThread "C2 CompilerThread0" daemon [_thread_in_native, id=10768, stack(0x0000008d38d00000,0x0000008d38e00000)]
  0x0000022467f3bf50 JavaThread "C1 CompilerThread0" daemon [_thread_in_vm, id=7856, stack(0x0000008d38e00000,0x0000008d38f00000)]
  0x0000022467f45120 JavaThread "Sweeper thread" daemon [_thread_blocked, id=22220, stack(0x0000008d38f00000,0x0000008d39000000)]
  0x00000224680a7120 JavaThread "Common-Cleaner" daemon [_thread_blocked, id=22212, stack(0x0000008d39000000,0x0000008d39100000)]
  0x000002246a13a240 JavaThread "Notification Thread" daemon [_thread_blocked, id=25884, stack(0x0000008d39100000,0x0000008d39200000)]
  0x000002246a755310 JavaThread "C1 CompilerThread1" daemon [_thread_in_native, id=23720, stack(0x0000008d39900000,0x0000008d39a00000)]
  0x000002246a5e2b40 JavaThread "Active Thread: Equinox Container: 2aee4445-7b5a-4ff2-bc99-e91442cbe556" [_thread_blocked, id=2384, stack(0x0000008d39a00000,0x0000008d39b00000)]
  0x000002246a568ab0 JavaThread "Refresh Thread: Equinox Container: 2aee4445-7b5a-4ff2-bc99-e91442cbe556" daemon [_thread_blocked, id=12000, stack(0x0000008d39b00000,0x0000008d39c00000)]
  0x000002246aa3f660 JavaThread "Framework Event Dispatcher: Equinox Container: 2aee4445-7b5a-4ff2-bc99-e91442cbe556" daemon [_thread_blocked, id=10536, stack(0x0000008d39c00000,0x0000008d39d00000)]
  0x000002246a5180a0 JavaThread "Start Level: Equinox Container: 2aee4445-7b5a-4ff2-bc99-e91442cbe556" daemon [_thread_in_native, id=31320, stack(0x0000008d39d00000,0x0000008d39e00000)]
  0x000002246ac0cf50 JavaThread "Bundle File Closer" daemon [_thread_blocked, id=4512, stack(0x0000008d39f00000,0x0000008d3a000000)]

Other Threads:
  0x0000022467ee6600 VMThread "VM Thread" [stack: 0x0000008d38600000,0x0000008d38700000] [id=29736]
  0x000002246a018a00 WatcherThread [stack: 0x0000008d39200000,0x0000008d39300000] [id=22672]
  0x000002244ee81ad0 GCTaskThread "GC Thread#0" [stack: 0x0000008d38500000,0x0000008d38600000] [id=23252]
  0x000002246a9105e0 GCTaskThread "GC Thread#1" [stack: 0x0000008d39300000,0x0000008d39400000] [id=16816]
  0x000002246a6d3350 GCTaskThread "GC Thread#2" [stack: 0x0000008d39400000,0x0000008d39500000] [id=17304]
  0x000002246a6d3610 GCTaskThread "GC Thread#3" [stack: 0x0000008d39500000,0x0000008d39600000] [id=25040]
  0x000002246a6d3ae0 GCTaskThread "GC Thread#4" [stack: 0x0000008d39600000,0x0000008d39700000] [id=23088]
  0x000002246a7a9070 GCTaskThread "GC Thread#5" [stack: 0x0000008d39700000,0x0000008d39800000] [id=28536]
  0x000002246a7aa0f0 GCTaskThread "GC Thread#6" [stack: 0x0000008d39800000,0x0000008d39900000] [id=17496]
  0x000002246a7a98b0 GCTaskThread "GC Thread#7" [stack: 0x0000008d39e00000,0x0000008d39f00000] [id=12304]

Threads with active compile tasks:
C2 CompilerThread0     9237 2124       4       java.util.Properties$LineReader::readLine (584 bytes)
C1 CompilerThread0     9237 2171       3       org.eclipse.osgi.internal.loader.classpath.ClasspathManager::findEntries (99 bytes)
C1 CompilerThread1     9237 2164   !   3       org.eclipse.osgi.storage.Storage::listEntryPaths (294 bytes)

VM state: not at safepoint (normal execution)

VM Mutex/Monitor currently owned by a thread: None

Heap address: 0x00000000c0000000, size: 1024 MB, Compressed Oops mode: 32-bit

CDS archive(s) not mapped
Compressed class space mapped at: 0x0000000100000000-0x0000000140000000, reserved size: 1073741824
Narrow klass base: 0x0000000000000000, Narrow klass shift: 3, Narrow klass range: 0x140000000

GC Precious Log:
 CPUs: 16 total, 16 available
 Memory: 3405M
 Large Page Support: Disabled
 NUMA Support: Disabled
 Compressed Oops: Enabled (32-bit)
 Alignments: Space 512K, Generation 512K, Heap 2M
 Heap Min Capacity: 100M
 Heap Initial Capacity: 100M
 Heap Max Capacity: 1G
 Pre-touch: Disabled
 Parallel Workers: 13

Heap:
 PSYoungGen      total 29696K, used 27856K [0x00000000eab00000, 0x00000000ecc00000, 0x0000000100000000)
  eden space 25600K, 92% used [0x00000000eab00000,0x00000000ec238860,0x00000000ec400000)
  from space 4096K, 99% used [0x00000000ec800000,0x00000000ecbfb7b8,0x00000000ecc00000)
  to   space 4096K, 0% used [0x00000000ec400000,0x00000000ec400000,0x00000000ec800000)
 ParOldGen       total 68608K, used 1494K [0x00000000c0000000, 0x00000000c4300000, 0x00000000eab00000)
  object space 68608K, 2% used [0x00000000c0000000,0x00000000c0175830,0x00000000c4300000)
 Metaspace       used 16251K, committed 16448K, reserved 1114112K
  class space    used 1633K, committed 1728K, reserved 1048576K

Card table byte_map: [0x000002244e800000,0x000002244ea10000] _byte_map_base: 0x000002244e200000

Marking Bits: (ParMarkBitMap*) 0x00007ffda6746940
 Begin Bits: [0x0000022460b00000, 0x0000022461b00000)
 End Bits:   [0x0000022461b00000, 0x0000022462b00000)

Polling page: 0x000002244ce30000

Metaspace:

Usage:
  Non-class:     14.28 MB used.
      Class:      1.60 MB used.
       Both:     15.87 MB used.

Virtual space:
  Non-class space:       64.00 MB reserved,      14.38 MB ( 22%) committed,  1 nodes.
      Class space:        1.00 GB reserved,       1.69 MB ( <1%) committed,  1 nodes.
             Both:        1.06 GB reserved,      16.06 MB (  1%) committed. 

Chunk freelists:
   Non-Class:  901.00 KB
       Class:  14.36 MB
        Both:  15.24 MB

MaxMetaspaceSize: unlimited
CompressedClassSpaceSize: 1.00 GB
Initial GC threshold: 21.00 MB
Current GC threshold: 21.00 MB
CDS: off
MetaspaceReclaimPolicy: balanced
 - commit_granule_bytes: 65536.
 - commit_granule_words: 8192.
 - virtual_space_node_default_size: 8388608.
 - enlarge_chunks_in_place: 1.
 - new_chunks_are_fully_committed: 0.
 - uncommit_free_chunks: 1.
 - use_allocation_guard: 0.
 - handle_deallocations: 1.


Internal statistics:

num_allocs_failed_limit: 0.
num_arena_births: 106.
num_arena_deaths: 0.
num_vsnodes_births: 2.
num_vsnodes_deaths: 0.
num_space_committed: 257.
num_space_uncommitted: 0.
num_chunks_returned_to_freelist: 0.
num_chunks_taken_from_freelist: 332.
num_chunk_merges: 0.
num_chunk_splits: 217.
num_chunks_enlarged: 163.
num_inconsistent_stats: 0.

CodeHeap 'non-profiled nmethods': size=119168Kb used=957Kb max_used=957Kb free=118210Kb
 bounds [0x00000224596a0000, 0x0000022459910000, 0x0000022460b00000]
CodeHeap 'profiled nmethods': size=119104Kb used=3979Kb max_used=3979Kb free=115124Kb
 bounds [0x0000022451b00000, 0x0000022451ef0000, 0x0000022458f50000]
CodeHeap 'non-nmethods': size=7488Kb used=1729Kb max_used=1748Kb free=5758Kb
 bounds [0x0000022458f50000, 0x00000224591c0000, 0x00000224596a0000]
 total_blobs=2623 nmethods=2160 adapters=376
 compilation: enabled
              stopped_count=0, restarted_count=0
 full_count=0

Compilation events (20 events):
Event: 9.106 Thread 0x000002246a755310 2130       3       java.io.FileDescriptor$1::getHandle (5 bytes)
Event: 9.106 Thread 0x000002246a755310 nmethod 2130 0x0000022451ecd510 code [0x0000022451ecd6a0, 0x0000022451ecd7b8]
Event: 9.106 Thread 0x000002246a755310 2131       3       java.io.FileCleanable::<init> (18 bytes)
Event: 9.106 Thread 0x0000022467f3bf50 nmethod 2128 0x0000022451ecd890 code [0x0000022451ecdaa0, 0x0000022451ece278]
Event: 9.106 Thread 0x000002246a755310 nmethod 2131 0x0000022451ece590 code [0x0000022451ece720, 0x0000022451ece888]
Event: 9.106 Thread 0x0000022467f3bf50 2132  s    3       java.io.FileDescriptor::registerCleanup (27 bytes)
Event: 9.107 Thread 0x0000022467f3bf50 nmethod 2132 0x0000022451ece990 code [0x0000022451eceb60, 0x0000022451ecef98]
Event: 9.108 Thread 0x0000022467f3bf50 2133       3       java.nio.Buffer::<init> (105 bytes)
Event: 9.109 Thread 0x000002246a755310 2134       3       java.util.stream.AbstractPipeline::evaluate (94 bytes)
Event: 9.109 Thread 0x000002246a755310 nmethod 2134 0x0000022451ecf110 code [0x0000022451ecf340, 0x0000022451ecf9a8]
Event: 9.109 Thread 0x000002246a755310 2135       3       java.util.stream.AbstractPipeline::wrapAndCopyInto (18 bytes)
Event: 9.110 Thread 0x0000022467f3bf50 nmethod 2133 0x0000022451ecfb90 code [0x0000022451ecfe40, 0x0000022451ed0938]
Event: 9.110 Thread 0x0000022467f3bf50 2136       3       java.util.stream.AbstractPipeline::copyInto (54 bytes)
Event: 9.110 Thread 0x000002246a755310 nmethod 2135 0x0000022451ed0d90 code [0x0000022451ed0f60, 0x0000022451ed1348]
Event: 9.111 Thread 0x0000022467f3bf50 nmethod 2136 0x0000022451ed1490 code [0x0000022451ed16c0, 0x0000022451ed1db8]
Event: 9.113 Thread 0x0000022467f3bf50 2137       3       org.eclipse.osgi.internal.framework.EquinoxBundle::adapt (11 bytes)
Event: 9.113 Thread 0x000002246a755310 2138       3       org.eclipse.osgi.internal.framework.EquinoxBundle::checkAdaptPermission (29 bytes)
Event: 9.114 Thread 0x0000022467f3bf50 nmethod 2137 0x0000022451ed2010 code [0x0000022451ed21c0, 0x0000022451ed2338]
Event: 9.114 Thread 0x0000022467f3bf50 2139   !   3       org.eclipse.osgi.internal.framework.EquinoxBundle::adapt0 (939 bytes)
Event: 9.114 Thread 0x000002246a755310 nmethod 2138 0x0000022451ed2410 code [0x0000022451ed2620, 0x0000022451ed2b68]

GC Heap History (4 events):
Event: 5.419 GC heap before
{Heap before GC invocations=1 (full 0):
 PSYoungGen      total 29696K, used 25600K [0x00000000eab00000, 0x00000000ecc00000, 0x0000000100000000)
  eden space 25600K, 100% used [0x00000000eab00000,0x00000000ec400000,0x00000000ec400000)
  from space 4096K, 0% used [0x00000000ec800000,0x00000000ec800000,0x00000000ecc00000)
  to   space 4096K, 0% used [0x00000000ec400000,0x00000000ec400000,0x00000000ec800000)
 ParOldGen       total 68608K, used 0K [0x00000000c0000000, 0x00000000c4300000, 0x00000000eab00000)
  object space 68608K, 0% used [0x00000000c0000000,0x00000000c0000000,0x00000000c4300000)
 Metaspace       used 10970K, committed 11136K, reserved 1114112K
  class space    used 1090K, committed 1152K, reserved 1048576K
}
Event: 5.440 GC heap after
{Heap after GC invocations=1 (full 0):
 PSYoungGen      total 29696K, used 3172K [0x00000000eab00000, 0x00000000ecc00000, 0x0000000100000000)
  eden space 25600K, 0% used [0x00000000eab00000,0x00000000eab00000,0x00000000ec400000)
  from space 4096K, 77% used [0x00000000ec400000,0x00000000ec719340,0x00000000ec800000)
  to   space 4096K, 0% used [0x00000000ec800000,0x00000000ec800000,0x00000000ecc00000)
 ParOldGen       total 68608K, used 16K [0x00000000c0000000, 0x00000000c4300000, 0x00000000eab00000)
  object space 68608K, 0% used [0x00000000c0000000,0x00000000c0004000,0x00000000c4300000)
 Metaspace       used 10970K, committed 11136K, reserved 1114112K
  class space    used 1090K, committed 1152K, reserved 1048576K
}
Event: 7.204 GC heap before
{Heap before GC invocations=2 (full 0):
 PSYoungGen      total 29696K, used 28772K [0x00000000eab00000, 0x00000000ecc00000, 0x0000000100000000)
  eden space 25600K, 100% used [0x00000000eab00000,0x00000000ec400000,0x00000000ec400000)
  from space 4096K, 77% used [0x00000000ec400000,0x00000000ec719340,0x00000000ec800000)
  to   space 4096K, 0% used [0x00000000ec800000,0x00000000ec800000,0x00000000ecc00000)
 ParOldGen       total 68608K, used 16K [0x00000000c0000000, 0x00000000c4300000, 0x00000000eab00000)
  object space 68608K, 0% used [0x00000000c0000000,0x00000000c0004000,0x00000000c4300000)
 Metaspace       used 14385K, committed 14528K, reserved 1114112K
  class space    used 1433K, committed 1472K, reserved 1048576K
}
Event: 7.216 GC heap after
{Heap after GC invocations=2 (full 0):
 PSYoungGen      total 29696K, used 4077K [0x00000000eab00000, 0x00000000ecc00000, 0x0000000100000000)
  eden space 25600K, 0% used [0x00000000eab00000,0x00000000eab00000,0x00000000ec400000)
  from space 4096K, 99% used [0x00000000ec800000,0x00000000ecbfb7b8,0x00000000ecc00000)
  to   space 4096K, 0% used [0x00000000ec400000,0x00000000ec400000,0x00000000ec800000)
 ParOldGen       total 68608K, used 1494K [0x00000000c0000000, 0x00000000c4300000, 0x00000000eab00000)
  object space 68608K, 2% used [0x00000000c0000000,0x00000000c0175830,0x00000000c4300000)
 Metaspace       used 14385K, committed 14528K, reserved 1114112K
  class space    used 1433K, committed 1472K, reserved 1048576K
}

Dll operation events (9 events):
Event: 0.141 Loaded shared library c:\Users\salma\.vscode\extensions\redhat.java-1.37.0-win32-x64\jre\17.0.13-win32-x86_64\bin\java.dll
Event: 1.823 Loaded shared library c:\Users\salma\.vscode\extensions\redhat.java-1.37.0-win32-x64\jre\17.0.13-win32-x86_64\bin\zip.dll
Event: 1.839 Loaded shared library C:\Users\salma\.vscode\extensions\redhat.java-1.37.0-win32-x64\jre\17.0.13-win32-x86_64\bin\instrument.dll
Event: 1.925 Loaded shared library C:\Users\salma\.vscode\extensions\redhat.java-1.37.0-win32-x64\jre\17.0.13-win32-x86_64\bin\net.dll
Event: 1.939 Loaded shared library C:\Users\salma\.vscode\extensions\redhat.java-1.37.0-win32-x64\jre\17.0.13-win32-x86_64\bin\nio.dll
Event: 1.979 Loaded shared library C:\Users\salma\.vscode\extensions\redhat.java-1.37.0-win32-x64\jre\17.0.13-win32-x86_64\bin\zip.dll
Event: 2.037 Loaded shared library C:\Users\salma\.vscode\extensions\redhat.java-1.37.0-win32-x64\jre\17.0.13-win32-x86_64\bin\jimage.dll
Event: 2.253 Loaded shared library c:\Users\salma\.vscode\extensions\redhat.java-1.37.0-win32-x64\jre\17.0.13-win32-x86_64\bin\verify.dll
Event: 7.172 Loaded shared library C:\Users\salma\AppData\Roaming\Code\User\globalStorage\redhat.java\1.37.0\config_win\org.eclipse.equinox.launcher\org.eclipse.equinox.launcher.win32.win32.x86_64_1.2.1100.v20240722-2106\eclipse_11904.dll

Deoptimization events (20 events):
Event: 8.428 Thread 0x000002246a5180a0 Uncommon trap: trap_request=0xffffff45 fr.pc=0x00000224596dc014 relative=0x00000000000003f4
Event: 8.428 Thread 0x000002246a5180a0 Uncommon trap: reason=unstable_if action=reinterpret pc=0x00000224596dc014 method=java.lang.String.substring(II)Ljava/lang/String; @ 31 c2
Event: 8.428 Thread 0x000002246a5180a0 DEOPT PACKING pc=0x00000224596dc014 sp=0x0000008d39dfe230
Event: 8.428 Thread 0x000002246a5180a0 DEOPT UNPACKING pc=0x0000022458fa66a3 sp=0x0000008d39dfe200 mode 2
Event: 8.792 Thread 0x000002246a5180a0 Uncommon trap: trap_request=0xffffff45 fr.pc=0x00000224596bda90 relative=0x0000000000000110
Event: 8.792 Thread 0x000002246a5180a0 Uncommon trap: reason=unstable_if action=reinterpret pc=0x00000224596bda90 method=java.lang.StringCoding.hasNegatives([BII)Z @ 12 c2
Event: 8.792 Thread 0x000002246a5180a0 DEOPT PACKING pc=0x00000224596bda90 sp=0x0000008d39dfd6f0
Event: 8.792 Thread 0x000002246a5180a0 DEOPT UNPACKING pc=0x0000022458fa66a3 sp=0x0000008d39dfd680 mode 2
Event: 8.829 Thread 0x000002246a5180a0 DEOPT PACKING pc=0x0000022451ebce4a sp=0x0000008d39dfd6f0
Event: 8.830 Thread 0x000002246a5180a0 DEOPT UNPACKING pc=0x0000022458fa6e43 sp=0x0000008d39dfcb78 mode 0
Event: 8.910 Thread 0x000002246a5180a0 DEOPT PACKING pc=0x0000022451ebce4a sp=0x0000008d39dfd6f0
Event: 8.910 Thread 0x000002246a5180a0 DEOPT UNPACKING pc=0x0000022458fa6e43 sp=0x0000008d39dfcb78 mode 0
Event: 9.090 Thread 0x000002246a5180a0 Uncommon trap: trap_request=0xffffff45 fr.pc=0x0000022459704a84 relative=0x0000000000000164
Event: 9.090 Thread 0x000002246a5180a0 Uncommon trap: reason=unstable_if action=reinterpret pc=0x0000022459704a84 method=java.lang.String.startsWith(Ljava/lang/String;I)Z @ 50 c2
Event: 9.090 Thread 0x000002246a5180a0 DEOPT PACKING pc=0x0000022459704a84 sp=0x0000008d39dfe640
Event: 9.090 Thread 0x000002246a5180a0 DEOPT UNPACKING pc=0x0000022458fa66a3 sp=0x0000008d39dfe548 mode 2
Event: 9.098 Thread 0x000002246a5180a0 DEOPT PACKING pc=0x0000022451ebce4a sp=0x0000008d39dfdad0
Event: 9.098 Thread 0x000002246a5180a0 DEOPT UNPACKING pc=0x0000022458fa6e43 sp=0x0000008d39dfcf70 mode 0
Event: 9.099 Thread 0x000002246a5180a0 DEOPT PACKING pc=0x0000022451c5da7e sp=0x0000008d39dfe1e0
Event: 9.099 Thread 0x000002246a5180a0 DEOPT UNPACKING pc=0x0000022458fa6e43 sp=0x0000008d39dfd6d8 mode 0

Classes loaded (20 events):
Event: 7.603 Loading class java/util/stream/FindOps$FindSink$OfInt
Event: 7.603 Loading class java/util/stream/Sink$OfInt
Event: 7.604 Loading class java/util/function/IntConsumer
Event: 7.604 Loading class java/util/function/IntConsumer done
Event: 7.604 Loading class java/util/stream/Sink$OfInt done
Event: 7.604 Loading class java/util/stream/FindOps$FindSink$OfInt done
Event: 7.604 Loading class java/util/OptionalInt
Event: 7.604 Loading class java/util/OptionalInt done
Event: 7.608 Loading class java/util/stream/IntPipeline$10$1
Event: 7.609 Loading class java/util/stream/Sink$ChainedInt
Event: 7.609 Loading class java/util/stream/Sink$ChainedInt done
Event: 7.609 Loading class java/util/stream/IntPipeline$10$1 done
Event: 7.609 Loading class java/lang/StringUTF16$CharsSpliterator
Event: 7.609 Loading class java/lang/StringUTF16$CharsSpliterator done
Event: 7.609 Loading class java/lang/CharacterData00
Event: 7.610 Loading class java/lang/CharacterData00 done
Event: 7.613 Loading class java/time/LocalTime$1
Event: 7.614 Loading class java/time/LocalTime$1 done
Event: 7.615 Loading class java/util/Formattable
Event: 7.615 Loading class java/util/Formattable done

Classes unloaded (0 events):
No events

Classes redefined (0 events):
No events

Internal exceptions (20 events):
Event: 5.059 Thread 0x000002244ee6cef0 Exception <a 'java/lang/ClassNotFoundException'{0x00000000ec112560}: sun/net/www/protocol/c/Handler> (0x00000000ec112560) 
thrown [s\src\hotspot\share\classfile\systemDictionary.cpp, line 256]
Event: 5.116 Thread 0x000002244ee6cef0 Exception <a 'java/io/FileNotFoundException'{0x00000000ec1397b8}> (0x00000000ec1397b8) 
thrown [s\src\hotspot\share\prims\jni.cpp, line 516]
Event: 5.241 Thread 0x000002244ee6cef0 Implicit null exception at 0x00000224596ece8f to 0x00000224596ecf05
Event: 5.241 Thread 0x000002244ee6cef0 Implicit null exception at 0x00000224596f0c8c to 0x00000224596f0ea0
Event: 5.241 Thread 0x000002244ee6cef0 Implicit null exception at 0x00000224596f170c to 0x00000224596f1914
Event: 5.452 Thread 0x000002244ee6cef0 Exception <a 'java/lang/NoSuchMethodError'{0x00000000eab15e30}: 'int java.lang.invoke.DirectMethodHandle$Holder.invokeStaticInit(java.lang.Object, java.lang.Object, java.lang.Object, java.lang.Object)'> (0x00000000eab15e30) 
thrown [s\src\hotspot\share\interpreter\linkResolver.cpp, line 759]
Event: 5.457 Thread 0x000002244ee6cef0 Exception <a 'java/lang/NoSuchMethodError'{0x00000000eab20598}: 'java.lang.Object java.lang.invoke.DirectMethodHandle$Holder.invokeInterface(java.lang.Object, java.lang.Object)'> (0x00000000eab20598) 
thrown [s\src\hotspot\share\interpreter\linkResolver.cpp, line 759]
Event: 5.458 Thread 0x000002244ee6cef0 Exception <a 'java/lang/IncompatibleClassChangeError'{0x00000000eab23d90}: Found class java.lang.Object, but interface was expected> (0x00000000eab23d90) 
thrown [s\src\hotspot\share\interpreter\linkResolver.cpp, line 826]
Event: 5.462 Thread 0x000002244ee6cef0 Exception <a 'java/lang/NoSuchMethodError'{0x00000000eab28270}: 'void java.lang.invoke.DirectMethodHandle$Holder.invokeStatic(java.lang.Object, java.lang.Object)'> (0x00000000eab28270) 
thrown [s\src\hotspot\share\interpreter\linkResolver.cpp, line 759]
Event: 5.464 Thread 0x000002244ee6cef0 Exception <a 'java/lang/NoSuchMethodError'{0x00000000eab2ba70}: 'void java.lang.invoke.DirectMethodHandle$Holder.invokeStaticInit(java.lang.Object, java.lang.Object)'> (0x00000000eab2ba70) 
thrown [s\src\hotspot\share\interpreter\linkResolver.cpp, line 759]
Event: 5.467 Thread 0x000002244ee6cef0 Exception <a 'java/lang/NoSuchMethodError'{0x00000000eab32fd0}: 'int java.lang.invoke.DirectMethodHandle$Holder.invokeStaticInit(java.lang.Object, java.lang.Object)'> (0x00000000eab32fd0) 
thrown [s\src\hotspot\share\interpreter\linkResolver.cpp, line 759]
Event: 5.606 Thread 0x000002244ee6cef0 Exception <a 'java/lang/NoSuchMethodError'{0x00000000eacbf4e8}: 'void java.lang.invoke.DirectMethodHandle$Holder.invokeSpecial(java.lang.Object, java.lang.Object, java.lang.Object)'> (0x00000000eacbf4e8) 
thrown [s\src\hotspot\share\interpreter\linkResolver.cpp, line 759]
Event: 6.465 Thread 0x000002244ee6cef0 Exception <a 'java/lang/NoSuchMethodError'{0x00000000ebb447f0}: 'java.lang.Object java.lang.invoke.DirectMethodHandle$Holder.newInvokeSpecial(java.lang.Object, int, java.lang.Object)'> (0x00000000ebb447f0) 
thrown [s\src\hotspot\share\interpreter\linkResolver.cpp, line 759]
Event: 7.072 Thread 0x000002244ee6cef0 Exception <a 'java/lang/UnsatisfiedLinkError'{0x00000000ec11d030}: 'void org.eclipse.equinox.launcher.JNIBridge._update_splash()'> (0x00000000ec11d030) 
thrown [s\src\hotspot\share\prims\nativeLookup.cpp, line 543]
Event: 7.099 Thread 0x000002246a568ab0 Exception <a 'java/lang/NoSuchMethodError'{0x00000000ec21ece0}: 'java.lang.Object java.lang.invoke.Invokers$Holder.invokeExact_MT(java.lang.Object, java.lang.Object, java.lang.Object, java.lang.Object, java.lang.Object, java.lang.Object)'> (0x00000000ec21ece0) 
thrown [s\src\hotspot\share\interpreter\linkResolver.cpp, line 759]
Event: 7.103 Thread 0x000002246a568ab0 Exception <a 'java/lang/NoSuchMethodError'{0x00000000ec2326e8}: 'int java.lang.invoke.DirectMethodHandle$Holder.invokeSpecial(java.lang.Object, java.lang.Object, java.lang.Object)'> (0x00000000ec2326e8) 
thrown [s\src\hotspot\share\interpreter\linkResolver.cpp, line 759]
Event: 7.360 Thread 0x000002246a5180a0 Exception <a 'java/lang/NoSuchMethodError'{0x00000000eae1e798}: 'java.lang.Object java.lang.invoke.DirectMethodHandle$Holder.invokeStaticInit(java.lang.Object)'> (0x00000000eae1e798) 
thrown [s\src\hotspot\share\interpreter\linkResolver.cpp, line 759]
Event: 7.410 Thread 0x000002246a5180a0 Exception <a 'java/lang/NoSuchMethodError'{0x00000000eaf31278}: 'java.lang.Object java.lang.invoke.DirectMethodHandle$Holder.newInvokeSpecial(java.lang.Object, java.lang.Object, int, java.lang.Object)'> (0x00000000eaf31278) 
thrown [s\src\hotspot\share\interpreter\linkResolver.cpp, line 759]
Event: 7.412 Thread 0x000002246a5180a0 Exception <a 'java/lang/NoSuchMethodError'{0x00000000eaf35560}: 'java.lang.Object java.lang.invoke.DirectMethodHandle$Holder.invokeSpecial(java.lang.Object, java.lang.Object, java.lang.Object, int, java.lang.Object)'> (0x00000000eaf35560) 
thrown [s\src\hotspot\share\interpreter\linkResolver.cpp, line 759]
Event: 7.528 Thread 0x000002246a5180a0 Exception <a 'java/lang/ClassNotFoundException'{0x00000000eb1087a0}: sun/util/logging/resources/spi/loggingProvider> (0x00000000eb1087a0) 
thrown [s\src\hotspot\share\classfile\systemDictionary.cpp, line 256]

VM Operations (20 events):
Event: 6.385 Executing VM operation: HandshakeAllThreads
Event: 6.385 Executing VM operation: HandshakeAllThreads done
Event: 6.403 Executing VM operation: HandshakeAllThreads
Event: 6.404 Executing VM operation: HandshakeAllThreads done
Event: 6.448 Executing VM operation: HandshakeAllThreads
Event: 6.448 Executing VM operation: HandshakeAllThreads done
Event: 6.448 Executing VM operation: Cleanup
Event: 6.448 Executing VM operation: Cleanup done
Event: 7.203 Executing VM operation: ParallelGCFailedAllocation
Event: 7.216 Executing VM operation: ParallelGCFailedAllocation done
Event: 7.334 Executing VM operation: HandshakeAllThreads
Event: 7.334 Executing VM operation: HandshakeAllThreads done
Event: 7.569 Executing VM operation: HandshakeAllThreads
Event: 7.569 Executing VM operation: HandshakeAllThreads done
Event: 7.611 Executing VM operation: HandshakeAllThreads
Event: 7.611 Executing VM operation: HandshakeAllThreads done
Event: 7.647 Executing VM operation: HandshakeAllThreads
Event: 7.647 Executing VM operation: HandshakeAllThreads done
Event: 8.658 Executing VM operation: Cleanup
Event: 8.659 Executing VM operation: Cleanup done

Memory protections (0 events):
No events

Nmethod flushes (0 events):
No events

Events (18 events):
Event: 0.554 Thread 0x000002244ee6cef0 Thread added: 0x000002244ee6cef0
Event: 0.697 Thread 0x000002244ee6cef0 Thread added: 0x0000022462cf3020
Event: 0.699 Thread 0x000002244ee6cef0 Thread added: 0x0000022462cf4a50
Event: 0.935 Thread 0x000002244ee6cef0 Thread added: 0x0000022462cfdfc0
Event: 0.935 Thread 0x000002244ee6cef0 Thread added: 0x0000022467f0d400
Event: 0.936 Thread 0x000002244ee6cef0 Thread added: 0x0000022467f0e830
Event: 0.936 Thread 0x000002244ee6cef0 Thread added: 0x0000022467f12410
Event: 0.938 Thread 0x000002244ee6cef0 Thread added: 0x0000022467f1ada0
Event: 0.939 Thread 0x000002244ee6cef0 Thread added: 0x0000022467f3bf50
Event: 0.939 Thread 0x000002244ee6cef0 Thread added: 0x0000022467f45120
Event: 1.681 Thread 0x000002244ee6cef0 Thread added: 0x00000224680a7120
Event: 2.659 Thread 0x000002244ee6cef0 Thread added: 0x000002246a13a240
Event: 5.602 Thread 0x0000022467f3bf50 Thread added: 0x000002246a755310
Event: 6.349 Thread 0x000002244ee6cef0 Thread added: 0x000002246a5e2b40
Event: 7.069 Thread 0x000002244ee6cef0 Thread added: 0x000002246a568ab0
Event: 7.143 Thread 0x000002246a568ab0 Thread added: 0x000002246aa3f660
Event: 7.181 Thread 0x000002244ee6cef0 Thread added: 0x000002246a5180a0
Event: 8.408 Thread 0x000002246a5180a0 Thread added: 0x000002246ac0cf50


Dynamic libraries:
0x00007ff682530000 - 0x00007ff68253e000 	c:\Users\salma\.vscode\extensions\redhat.java-1.37.0-win32-x64\jre\17.0.13-win32-x86_64\bin\java.exe
0x00007ffe190d0000 - 0x00007ffe192e7000 	C:\WINDOWS\SYSTEM32\ntdll.dll
0x00007ffe18f20000 - 0x00007ffe18fe4000 	C:\WINDOWS\System32\KERNEL32.DLL
0x00007ffe16450000 - 0x00007ffe16809000 	C:\WINDOWS\System32\KERNELBASE.dll
0x00007ffe169d0000 - 0x00007ffe16ae1000 	C:\WINDOWS\System32\ucrtbase.dll
0x00007ffdf6bd0000 - 0x00007ffdf6bee000 	c:\Users\salma\.vscode\extensions\redhat.java-1.37.0-win32-x64\jre\17.0.13-win32-x86_64\bin\VCRUNTIME140.dll
0x00007ffdfcc90000 - 0x00007ffdfcca7000 	c:\Users\salma\.vscode\extensions\redhat.java-1.37.0-win32-x64\jre\17.0.13-win32-x86_64\bin\jli.dll
0x00007ffe18a80000 - 0x00007ffe18c2e000 	C:\WINDOWS\System32\USER32.dll
0x00007ffdfded0000 - 0x00007ffdfe162000 	C:\WINDOWS\WinSxS\amd64_microsoft.windows.common-controls_6595b64144ccf1df_6.0.22621.4391_none_2715d37f73803e96\COMCTL32.dll
0x00007ffe16d20000 - 0x00007ffe16d46000 	C:\WINDOWS\System32\win32u.dll
0x00007ffe173f0000 - 0x00007ffe17419000 	C:\WINDOWS\System32\GDI32.dll
0x00007ffe168b0000 - 0x00007ffe169cb000 	C:\WINDOWS\System32\gdi32full.dll
0x00007ffe185c0000 - 0x00007ffe18667000 	C:\WINDOWS\System32\msvcrt.dll
0x00007ffe16d50000 - 0x00007ffe16dea000 	C:\WINDOWS\System32\msvcp_win.dll
0x00007ffe18020000 - 0x00007ffe18051000 	C:\WINDOWS\System32\IMM32.DLL
0x00007ffe10cd0000 - 0x00007ffe10cdc000 	c:\Users\salma\.vscode\extensions\redhat.java-1.37.0-win32-x64\jre\17.0.13-win32-x86_64\bin\vcruntime140_1.dll
0x00007ffdf3180000 - 0x00007ffdf320d000 	c:\Users\salma\.vscode\extensions\redhat.java-1.37.0-win32-x64\jre\17.0.13-win32-x86_64\bin\msvcp140.dll
0x00007ffda5ba0000 - 0x00007ffda680b000 	c:\Users\salma\.vscode\extensions\redhat.java-1.37.0-win32-x64\jre\17.0.13-win32-x86_64\bin\server\jvm.dll
0x00007ffe18060000 - 0x00007ffe18112000 	C:\WINDOWS\System32\ADVAPI32.dll
0x00007ffe17e60000 - 0x00007ffe17f07000 	C:\WINDOWS\System32\sechost.dll
0x00007ffe16880000 - 0x00007ffe168a8000 	C:\WINDOWS\System32\bcrypt.dll
0x00007ffe16df0000 - 0x00007ffe16f04000 	C:\WINDOWS\System32\RPCRT4.dll
0x00007ffe18ff0000 - 0x00007ffe19061000 	C:\WINDOWS\System32\WS2_32.dll
0x00007ffe0a2d0000 - 0x00007ffe0a2da000 	C:\WINDOWS\SYSTEM32\VERSION.dll
0x00007ffe0fc00000 - 0x00007ffe0fc34000 	C:\WINDOWS\SYSTEM32\WINMM.dll
0x00007ffe160f0000 - 0x00007ffe1613d000 	C:\WINDOWS\SYSTEM32\POWRPROF.dll
0x00007ffe160d0000 - 0x00007ffe160e3000 	C:\WINDOWS\SYSTEM32\UMPDC.dll
0x00007ffe15410000 - 0x00007ffe15428000 	C:\WINDOWS\SYSTEM32\kernel.appcore.dll
0x00007ffe06cd0000 - 0x00007ffe06cda000 	c:\Users\salma\.vscode\extensions\redhat.java-1.37.0-win32-x64\jre\17.0.13-win32-x86_64\bin\jimage.dll
0x00007ffe13880000 - 0x00007ffe13ab2000 	C:\WINDOWS\SYSTEM32\DBGHELP.DLL
0x00007ffe186f0000 - 0x00007ffe18a7f000 	C:\WINDOWS\System32\combase.dll
0x00007ffe18180000 - 0x00007ffe18257000 	C:\WINDOWS\System32\OLEAUT32.dll
0x00007ffdf8c10000 - 0x00007ffdf8c42000 	C:\WINDOWS\SYSTEM32\dbgcore.DLL
0x00007ffe163d0000 - 0x00007ffe1644b000 	C:\WINDOWS\System32\bcryptPrimitives.dll
0x00007ffe060f0000 - 0x00007ffe060fe000 	c:\Users\salma\.vscode\extensions\redhat.java-1.37.0-win32-x64\jre\17.0.13-win32-x86_64\bin\instrument.dll
0x00007ffdf6b60000 - 0x00007ffdf6b85000 	c:\Users\salma\.vscode\extensions\redhat.java-1.37.0-win32-x64\jre\17.0.13-win32-x86_64\bin\java.dll
0x00007ffdf6b40000 - 0x00007ffdf6b58000 	c:\Users\salma\.vscode\extensions\redhat.java-1.37.0-win32-x64\jre\17.0.13-win32-x86_64\bin\zip.dll
0x00007ffe175e0000 - 0x00007ffe17e56000 	C:\WINDOWS\System32\SHELL32.dll
0x00007ffe142d0000 - 0x00007ffe14bd3000 	C:\WINDOWS\SYSTEM32\windows.storage.dll
0x00007ffe14190000 - 0x00007ffe142cf000 	C:\WINDOWS\SYSTEM32\wintypes.dll
0x00007ffe17f20000 - 0x00007ffe18019000 	C:\WINDOWS\System32\SHCORE.dll
0x00007ffe18690000 - 0x00007ffe186ee000 	C:\WINDOWS\System32\shlwapi.dll
0x00007ffe16300000 - 0x00007ffe1632b000 	C:\WINDOWS\SYSTEM32\profapi.dll
0x00007ffdf6ae0000 - 0x00007ffdf6af9000 	C:\Users\salma\.vscode\extensions\redhat.java-1.37.0-win32-x64\jre\17.0.13-win32-x86_64\bin\net.dll
0x00007ffe10d00000 - 0x00007ffe10e36000 	C:\WINDOWS\SYSTEM32\WINHTTP.dll
0x00007ffe15890000 - 0x00007ffe158f9000 	C:\WINDOWS\system32\mswsock.dll
0x00007ffdf6ac0000 - 0x00007ffdf6ad6000 	C:\Users\salma\.vscode\extensions\redhat.java-1.37.0-win32-x64\jre\17.0.13-win32-x86_64\bin\nio.dll
0x00007ffdfe8c0000 - 0x00007ffdfe8d0000 	c:\Users\salma\.vscode\extensions\redhat.java-1.37.0-win32-x64\jre\17.0.13-win32-x86_64\bin\verify.dll
0x00007ffdf3050000 - 0x00007ffdf3095000 	C:\Users\salma\AppData\Roaming\Code\User\globalStorage\redhat.java\1.37.0\config_win\org.eclipse.equinox.launcher\org.eclipse.equinox.launcher.win32.win32.x86_64_1.2.1100.v20240722-2106\eclipse_11904.dll
0x00007ffe18d60000 - 0x00007ffe18f05000 	C:\WINDOWS\System32\ole32.dll

dbghelp: loaded successfully - version: 4.0.5 - missing functions: none
symbol engine: initialized successfully - sym options: 0x614 - pdb path: .;c:\Users\salma\.vscode\extensions\redhat.java-1.37.0-win32-x64\jre\17.0.13-win32-x86_64\bin;C:\WINDOWS\SYSTEM32;C:\WINDOWS\WinSxS\amd64_microsoft.windows.common-controls_6595b64144ccf1df_6.0.22621.4391_none_2715d37f73803e96;c:\Users\salma\.vscode\extensions\redhat.java-1.37.0-win32-x64\jre\17.0.13-win32-x86_64\bin\server;C:\Users\salma\AppData\Roaming\Code\User\globalStorage\redhat.java\1.37.0\config_win\org.eclipse.equinox.launcher\org.eclipse.equinox.launcher.win32.win32.x86_64_1.2.1100.v20240722-2106

VM Arguments:
jvm_args: --add-modules=ALL-SYSTEM --add-opens=java.base/java.util=ALL-UNNAMED --add-opens=java.base/java.lang=ALL-UNNAMED --add-opens=java.base/sun.nio.fs=ALL-UNNAMED -Declipse.application=org.eclipse.jdt.ls.core.id1 -Dosgi.bundles.defaultStartLevel=4 -Declipse.product=org.eclipse.jdt.ls.core.product -Djava.import.generatesMetadataFilesAtProjectRoot=false -DDetectVMInstallationsJob.disabled=true -Dfile.encoding=utf8 -XX:+UseParallelGC -XX:GCTimeRatio=4 -XX:AdaptiveSizePolicyWeight=90 -Dsun.zip.disableMemoryMapping=true -Xmx1G -Xms100m -Xlog:disable -javaagent:c:\Users\salma\.vscode\extensions\redhat.java-1.37.0-win32-x64\lombok\lombok-1.18.34.jar -XX:+HeapDumpOnOutOfMemoryError -XX:HeapDumpPath=c:\Users\salma\AppData\Roaming\Code\User\workspaceStorage\242adab414d075302e1a73a6fafad938\redhat.java -Daether.dependencyCollector.impl=bf 
java_command: c:\Users\salma\.vscode\extensions\redhat.java-1.37.0-win32-x64\server\plugins\org.eclipse.equinox.launcher_1.6.900.v20240613-2009.jar -configuration c:\Users\salma\AppData\Roaming\Code\User\globalStorage\redhat.java\1.37.0\config_win -data c:\Users\salma\AppData\Roaming\Code\User\workspaceStorage\242adab414d075302e1a73a6fafad938\redhat.java\jdt_ws --pipe=\\.\pipe\lsp-14cd83ad6ab794f27e92d3606df30215-sock
java_class_path (initial): c:\Users\salma\.vscode\extensions\redhat.java-1.37.0-win32-x64\server\plugins\org.eclipse.equinox.launcher_1.6.900.v20240613-2009.jar
Launcher Type: SUN_STANDARD

[Global flags]
    uintx AdaptiveSizePolicyWeight                 = 90                                        {product} {command line}
     intx CICompilerCount                          = 12                                        {product} {ergonomic}
    uintx GCTimeRatio                              = 4                                         {product} {command line}
     bool HeapDumpOnOutOfMemoryError               = true                                   {manageable} {command line}
    ccstr HeapDumpPath                             = c:\Users\salma\AppData\Roaming\Code\User\workspaceStorage\242adab414d075302e1a73a6fafad938\redhat.java         {manageable} {command line}
   size_t InitialHeapSize                          = 104857600                                 {product} {command line}
   size_t MaxHeapSize                              = 1073741824                                {product} {command line}
   size_t MaxNewSize                               = 357564416                                 {product} {ergonomic}
   size_t MinHeapDeltaBytes                        = 524288                                    {product} {ergonomic}
   size_t MinHeapSize                              = 104857600                                 {product} {command line}
   size_t NewSize                                  = 34603008                                  {product} {ergonomic}
    uintx NonNMethodCodeHeapSize                   = 7602480                                {pd product} {ergonomic}
    uintx NonProfiledCodeHeapSize                  = 122027880                              {pd product} {ergonomic}
   size_t OldSize                                  = 70254592                                  {product} {ergonomic}
    uintx ProfiledCodeHeapSize                     = 122027880                              {pd product} {ergonomic}
    uintx ReservedCodeCacheSize                    = 251658240                              {pd product} {ergonomic}
     bool SegmentedCodeCache                       = true                                      {product} {ergonomic}
   size_t SoftMaxHeapSize                          = 1073741824                             {manageable} {ergonomic}
     bool UseCompressedClassPointers               = true                           {product lp64_product} {ergonomic}
     bool UseCompressedOops                        = true                           {product lp64_product} {ergonomic}
     bool UseLargePagesIndividualAllocation        = false                                  {pd product} {ergonomic}
     bool UseParallelGC                            = true                                      {product} {command line}

Logging:
Log output configuration:
 #0: stdout all=off uptime,level,tags
 #1: stderr all=off uptime,level,tags

Environment Variables:
JAVA_HOME="C:\Program Files\Java\jdk-21"
PATH=C:\Program Files (x86)\VMware\VMware Player\bin\;C:\Program Files\Common Files\Oracle\Java\javapath;C:\Program Files (x86)\Common Files\Oracle\Java\javapath;C:\Program Files\Amazon Corretto\jdk17.0.8_8\bin;C:\WINDOWS\system32;C:\WINDOWS;C:\WINDOWS\System32\Wbem;C:\WINDOWS\System32\WindowsPowerShell\v1.0\;C:\WINDOWS\System32\OpenSSH\;C:\Program Files\Git\cmd;C:\Program Files\Java\jdk-21;C:\Program Files\Graphviz\bin;C:\Program Files\dotnet\;C:\Program Files\MongoDB\Server\8.0\bin;C:\hadoop-3.4.0\sbin;C:\Program Files\Maven\bin;C:\Users\salma\AppData\Local\Programs\Python\Python313;C:\Users\salma\AppData\Local\Programs\Python\Python313\Scripts;C:\Program Files\Maven\bin;C:\Program Files\Java\jdk-21\bin;C:\Users\salma\AppData\Local\Programs\Python\Launcher\;C:\Users\salma\AppData\Local\Microsoft\WindowsApps;C:\Users\salma\AppData\Local\Programs\Microsoft VS Code\bin;C:\Users\salma\Downloads\hadoop-3.4.0-aarch64 (1)\hadoop-3.4.0\bin;;C:\Program Files\JetBrains\IntelliJ IDEA 2024.3\bin;
USERNAME=salma
OS=Windows_NT
PROCESSOR_IDENTIFIER=AMD64 Family 23 Model 104 Stepping 1, AuthenticAMD
TMP=C:\Users\salma\AppData\Local\Temp
TEMP=C:\Users\salma\AppData\Local\Temp



Periodic native trim disabled


---------------  S Y S T E M  ---------------

OS:
 Windows 11 , 64 bit Build 22621 (10.0.22621.4391)
OS uptime: 0 days 11:52 hours
Hyper-V role detected

CPU: total 16 (initial active 16) (16 cores per cpu, 2 threads per core) family 23 model 104 stepping 1 microcode 0x0, cx8, cmov, fxsr, ht, mmx, 3dnowpref, sse, sse2, sse3, ssse3, sse4a, sse4.1, sse4.2, popcnt, lzcnt, tsc, tscinvbit, avx, avx2, aes, clmul, bmi1, bmi2, adx, sha, fma, vzeroupper, clflush, clflushopt, hv
Processor Information for all 16 processors :
  Max Mhz: 1801, Current Mhz: 1801, Mhz Limit: 1801

Memory: 4k page, system-wide physical 3405M (2M free)
TotalPageFile size 13645M (AvailPageFile size 0M)
current process WorkingSet (physical memory assigned to process): 81M, peak: 81M
current process commit charge ("private bytes"): 227M, peak: 227M

vm_info: OpenJDK 64-Bit Server VM (17.0.13+11) for windows-amd64 JRE (17.0.13+11), built on Oct 16 2024 00:10:08 by "admin" with MS VC++ 17.7 (VS2022)

END.
